  [1m[35m (3.4ms)[0m  [1m[34mSELECT sqlite_version(*)[0m
  [1m[35m (1.9ms)[0m  [1m[35mCREATE TABLE "schema_migrations" ("version" varchar NOT NULL PRIMARY KEY)[0m
  [1m[35m (1.4ms)[0m  [1m[35mCREATE TABLE "ar_internal_metadata" ("key" varchar NOT NULL PRIMARY KEY, "value" varchar, "created_at" datetime(6) NOT NULL, "updated_at" datetime(6) NOT NULL)[0m
  [1m[35m (0.4ms)[0m  [1m[34mSELECT "schema_migrations"."version" FROM "schema_migrations" ORDER BY "schema_migrations"."version" ASC[0m
Migrating to CreateApiV1Restaurants (20201203015942)
  [1m[35m (0.1ms)[0m  [1m[36mbegin transaction[0m
  [1m[35m (0.7ms)[0m  [1m[35mCREATE TABLE "api_v1_restaurants" ("id" integer PRIMARY KEY AUTOINCREMENT NOT NULL, "name" varchar, "cuisine" varchar, "style" varchar, "phone_number" varchar, "menu" varchar, "address" varchar, "image" varchar, "likes" integer, "created_at" datetime(6) NOT NULL, "updated_at" datetime(6) NOT NULL)[0m
  [1m[36mprimary::SchemaMigration Create (0.3ms)[0m  [1m[32mINSERT INTO "schema_migrations" ("version") VALUES (?)[0m  [["version", "20201203015942"]]
  [1m[35m (1.3ms)[0m  [1m[36mcommit transaction[0m
  [1m[36mActiveRecord::InternalMetadata Load (0.2ms)[0m  [1m[34mSELECT "ar_internal_metadata".* FROM "ar_internal_metadata" WHERE "ar_internal_metadata"."key" = ? LIMIT ?[0m  [["key", "environment"], ["LIMIT", 1]]
  [1m[35m (0.1ms)[0m  [1m[36mbegin transaction[0m
  [1m[36mActiveRecord::InternalMetadata Create (0.6ms)[0m  [1m[32mINSERT INTO "ar_internal_metadata" ("key", "value", "created_at", "updated_at") VALUES (?, ?, ?, ?)[0m  [["key", "environment"], ["value", "development"], ["created_at", "2020-12-03 02:37:45.457416"], ["updated_at", "2020-12-03 02:37:45.457416"]]
  [1m[35m (4.6ms)[0m  [1m[36mcommit transaction[0m
  [1m[35m (0.1ms)[0m  [1m[34mSELECT sqlite_version(*)[0m
  [1m[35m (0.2ms)[0m  [1m[34mSELECT "schema_migrations"."version" FROM "schema_migrations" ORDER BY "schema_migrations"."version" ASC[0m
  [1m[35m (1.2ms)[0m  [1m[34mSELECT sqlite_version(*)[0m
  [1m[35m (0.3ms)[0m  [1m[34mSELECT "schema_migrations"."version" FROM "schema_migrations" ORDER BY "schema_migrations"."version" ASC[0m
  [1m[35m (0.1ms)[0m  [1m[34mSELECT sqlite_version(*)[0m
  [1m[35m (0.1ms)[0m  [1m[36mbegin transaction[0m
  [1m[36mApi::V1::Restaurant Create (1.1ms)[0m  [1m[32mINSERT INTO "api_v1_restaurants" ("name", "cuisine", "style", "phone_number", "menu", "address", "image", "likes", "created_at", "updated_at") VALUES (?, ?, ?, ?, ?, ?, ?, ?, ?, ?)[0m  [["name", "Bonnie's Grill"], ["cuisine", "American"], ["style", "Hot & Spicy Regional American Cuisine"], ["phone_number", "(718) 369-9527"], ["menu", "https://www.eatatbonnies.com/menu"], ["address", "278 5th Ave, Brooklyn, NY 11215"], ["image", "https://s3-media0.fl.yelpcdn.com/bphoto/hJKYzCF0t95zlFMtyzneQg/l.jpg"], ["likes", 5], ["created_at", "2020-12-03 15:47:32.120633"], ["updated_at", "2020-12-03 15:47:32.120633"]]
  [1m[35m (1.0ms)[0m  [1m[36mcommit transaction[0m
  [1m[35m (0.0ms)[0m  [1m[36mbegin transaction[0m
  [1m[36mApi::V1::Restaurant Create (0.4ms)[0m  [1m[32mINSERT INTO "api_v1_restaurants" ("name", "cuisine", "style", "phone_number", "menu", "address", "image", "likes", "created_at", "updated_at") VALUES (?, ?, ?, ?, ?, ?, ?, ?, ?, ?)[0m  [["name", "Gramercy Tavern"], ["cuisine", "American(New)"], ["style", "Danny Meyer's Flatiron District tavern "], ["phone_number", "(212) 477-0777"], ["menu", "https://www.gramercytavern.com/gramercy-tavern-menu/"], ["address", "42 E 20th St, New York, NY 10003"], ["image", "https://s3-media0.fl.yelpcdn.com/bphoto/MgfPMoFNmjIWcrMxTZbsvw/l.jpg"], ["likes", 8], ["created_at", "2020-12-03 15:47:32.126332"], ["updated_at", "2020-12-03 15:47:32.126332"]]
  [1m[35m (1.0ms)[0m  [1m[36mcommit transaction[0m
  [1m[35m (0.1ms)[0m  [1m[36mbegin transaction[0m
  [1m[36mApi::V1::Restaurant Create (0.3ms)[0m  [1m[32mINSERT INTO "api_v1_restaurants" ("name", "cuisine", "style", "phone_number", "menu", "address", "image", "likes", "created_at", "updated_at") VALUES (?, ?, ?, ?, ?, ?, ?, ?, ?, ?)[0m  [["name", "Catch NYC"], ["cuisine", "Asian"], ["style", "Asian Fusion, Sushi Bars, Seafood"], ["phone_number", "(212) 392-5978"], ["menu", "https://catchrestaurants.com/catchnyc/#menu"], ["address", "21 9th Ave, New York, NY 10014"], ["image", "https://s3-media0.fl.yelpcdn.com/bphoto/NBWlgWmKUEaE-k0CF9b5wg/l.jpg"], ["likes", 3], ["created_at", "2020-12-03 15:47:32.131173"], ["updated_at", "2020-12-03 15:47:32.131173"]]
  [1m[35m (1.1ms)[0m  [1m[36mcommit transaction[0m
  [1m[35m (0.1ms)[0m  [1m[36mbegin transaction[0m
  [1m[36mApi::V1::Restaurant Create (0.4ms)[0m  [1m[32mINSERT INTO "api_v1_restaurants" ("name", "cuisine", "style", "phone_number", "menu", "address", "image", "likes", "created_at", "updated_at") VALUES (?, ?, ?, ?, ?, ?, ?, ?, ?, ?)[0m  [["name", "La Loteria"], ["cuisine", "Mexican"], ["style", "Imaginative twists on Mexican dishes, plus cocktails, presented in a modern, convivial setting."], ["phone_number", "(212) 858-9096"], ["menu", "http://www.laloterianyc.com/menus/"], ["address", "29 7th Ave S, New York, NY 10014"], ["image", "https://images.squarespace-cdn.com/content/v1/546f8abce4b08b01e3cfaa4b/1421176275576-1I0F3UJK8CK3APXMXKMV/ke17ZwdGBToddI8pDm48kKCzQu6R4BT5zqRe40olNKZ7gQa3H78H3Y0txjaiv_0fDoOvxcdMmMKkDsyUqMSsMWxHk725yiiHCCLfrh8O1z5QHyNOqBUUEtDDsRWrJLTm8gdG5xRTtrVVyLXkddLwchyHhFWTGlN3cUNTMki5PNY1TGRehHG5SCVISp4ZVDSB/IMG_3616.jpg?format=500w"], ["likes", 4], ["created_at", "2020-12-03 15:47:32.136529"], ["updated_at", "2020-12-03 15:47:32.136529"]]
  [1m[35m (0.8ms)[0m  [1m[36mcommit transaction[0m
  [1m[35m (0.0ms)[0m  [1m[36mbegin transaction[0m
  [1m[36mApi::V1::Restaurant Create (0.4ms)[0m  [1m[32mINSERT INTO "api_v1_restaurants" ("name", "cuisine", "style", "phone_number", "menu", "address", "image", "likes", "created_at", "updated_at") VALUES (?, ?, ?, ?, ?, ?, ?, ?, ?, ?)[0m  [["name", "Hortus NYC"], ["cuisine", "Korean"], ["style", "Asian Fusion, Korean, Tapas/Small Plates"], ["phone_number", "(646) 858-3784"], ["menu", "https://www.hortusnyc.com/menu/"], ["address", "271 5th Ave, New York, NY 10016"], ["image", "https://s3-media0.fl.yelpcdn.com/bphoto/xTBJX2kp5dr69chHlG-pnQ/l.jpg"], ["likes", 1], ["created_at", "2020-12-03 15:47:32.140733"], ["updated_at", "2020-12-03 15:47:32.140733"]]
  [1m[35m (0.7ms)[0m  [1m[36mcommit transaction[0m
  [1m[35m (0.0ms)[0m  [1m[36mbegin transaction[0m
  [1m[36mApi::V1::Restaurant Create (0.3ms)[0m  [1m[32mINSERT INTO "api_v1_restaurants" ("name", "cuisine", "style", "phone_number", "menu", "address", "image", "likes", "created_at", "updated_at") VALUES (?, ?, ?, ?, ?, ?, ?, ?, ?, ?)[0m  [["name", "Excuse My French"], ["cuisine", "French"], ["style", "Bars, Tapas Bars, French"], ["phone_number", "(212) 780-9600"], ["menu", "https://www.excusemyfrench-nyc.com/copy-of-food-1"], ["address", "96 Orchard St, New York, NY 10002"], ["image", "https://s3-media0.fl.yelpcdn.com/bphoto/VlKFsXO_TqOorH5sMWREWQ/o.jpg"], ["likes", 2], ["created_at", "2020-12-03 15:47:32.144728"], ["updated_at", "2020-12-03 15:47:32.144728"]]
  [1m[35m (0.8ms)[0m  [1m[36mcommit transaction[0m
  [1m[35m (0.0ms)[0m  [1m[36mbegin transaction[0m
  [1m[36mApi::V1::Restaurant Create (0.3ms)[0m  [1m[32mINSERT INTO "api_v1_restaurants" ("name", "cuisine", "style", "phone_number", "menu", "address", "image", "likes", "created_at", "updated_at") VALUES (?, ?, ?, ?, ?, ?, ?, ?, ?, ?)[0m  [["name", "Blue Ribbon Brasserie"], ["cuisine", "American"], ["style", "American (Traditional), Cocktail Bars"], ["phone_number", "(212) 274-0404"], ["menu", "https://www.blueribbonrestaurants.com/restaurants/blue-ribbon-brasserie"], ["address", "97 Sullivan St, New York, NY 10012"], ["image", "https://s3-media0.fl.yelpcdn.com/bphoto/OMYqqgQ-ioT7bCP82xvJDA/o.jpg"], ["likes", 0], ["created_at", "2020-12-03 15:47:32.148855"], ["updated_at", "2020-12-03 15:47:32.148855"]]
  [1m[35m (0.8ms)[0m  [1m[36mcommit transaction[0m
  [1m[35m (0.5ms)[0m  [1m[34mSELECT sqlite_version(*)[0m
  [1m[36mApi::V1::Restaurant Load (0.3ms)[0m  [1m[34mSELECT "api_v1_restaurants".* FROM "api_v1_restaurants" LIMIT ?[0m  [["LIMIT", 11]]
